Build started 08/08/2012 16.38.03.
     1>Project "J:\Visual Studio 2010\Projects\raknet_template\raknet_template\raknet_template.vcxproj" on node 2 (build target(s)).
     1>InitializeBuildStatus:
         Creating "Debug\raknet_template.unsuccessfulbuild" because "AlwaysCreate" was specified.
       ClCompile:
         All outputs are up-to-date.
         K:\Programmi\Microsoft Visual Studio 10.0\VC\bin\CL.exe /c /ZI /nologo /W3 /WX- /Od /Oy- /D WIN32 /D _DEBUG /D _CONSOLE /D RAKNET_DLL /D _UNICODE /D UNICODE /Gm /EHsc /RTC1 /MDd /GS /fp:precise /Zc:wchar_t /Zc:forScope /Yu"StdAfx.h" /Fp"Debug\raknet_template.pch" /Fo"Debug\\" /Fd"Debug\vc100.pdb" /Gd /TP /analyze- /errorReport:prompt raknet_template.cpp
         raknet_template.cpp
       ManifestResourceCompile:
         All outputs are up-to-date.
       Link:
         K:\Programmi\Microsoft Visual Studio 10.0\VC\bin\link.exe /ERRORREPORT:PROMPT /OUT:"J:\Visual Studio 2010\Projects\raknet_template\Debug\raknet_template.exe" /INCREMENTAL /NOLOGO RakNetDLLDebug.lib kernel32.lib user32.lib gdi32.lib winspool.lib comdlg32.lib advapi32.lib shell32.lib ole32.lib oleaut32.lib uuid.lib odbc32.lib odbccp32.lib /MANIFEST /ManifestFile:"Debug\raknet_template.exe.intermediate.manifest" /MANIFESTUAC:"level='asInvoker' uiAccess='false'" /DEBUG /PDB:"J:\Visual Studio 2010\Projects\raknet_template\Debug\raknet_template.pdb" /SUBSYSTEM:CONSOLE /TLBID:1 /DYNAMICBASE /NXCOMPAT /IMPLIB:"J:\Visual Studio 2010\Projects\raknet_template\Debug\raknet_template.lib" /MACHINE:X86 Debug\raknet_template.exe.embed.manifest.res
         Debug\raknet_template.obj
         Debug\stdafx.obj
       Manifest:
         C:\Programmi\Microsoft SDKs\Windows\v7.0A\bin\mt.exe /nologo /verbose /out:"Debug\raknet_template.exe.embed.manifest" /manifest Debug\raknet_template.exe.intermediate.manifest
         All outputs are up-to-date.
       LinkEmbedManifest:
         All outputs are up-to-date.
         raknet_template.vcxproj -> J:\Visual Studio 2010\Projects\raknet_template\Debug\raknet_template.exe
       FinalizeBuildStatus:
         Deleting file "Debug\raknet_template.unsuccessfulbuild".
         Touching "Debug\raknet_template.lastbuildstate".
     1>Done Building Project "J:\Visual Studio 2010\Projects\raknet_template\raknet_template\raknet_template.vcxproj" (build target(s)).

Build succeeded.

Time Elapsed 00:00:01.73
